# JRE version: OpenJDK Runtime Environment Microsoft-10800295 (17.0.14+7) (build 17.0.14+7-LTS)
# Java VM: OpenJDK 64-Bit Server VM Microsoft-10800295 (17.0.14+7-LTS, mixed mode, sharing, tiered, compressed oops, compressed class ptrs, g1 gc, windows-amd64)
GC Precious Log:
 CPUs: 8 total, 8 available
 Memory: 16163M
 Large Page Support: Disabled
 NUMA Support: Disabled
 Compressed Oops: Enabled (Zero based)
 Heap Region Size: 2M
 Heap Min Capacity: 8M
 Heap Initial Capacity: 254M
 Heap Max Capacity: 4G
 Pre-touch: Disabled
 Parallel Workers: 8
 Concurrent Workers: 2
 Concurrent Refinement Workers: 8
 Periodic GC: Disabled
Heap:
 garbage-first heap   total 811008K, used 554014K [0x0000000700000000, 0x0000000800000000)
  region size 2048K, 30 young (61440K), 5 survivors (10240K)
 Metaspace       used 126910K, committed 129536K, reserved 557056K
  class space    used 17613K, committed 18752K, reserved 425984K
GC Heap History (20 events):
Event: 49.552 GC heap before
{Heap before GC invocations=58 (full 0):
 garbage-first heap   total 811008K, used 610490K [0x0000000700000000, 0x0000000800000000)
  region size 2048K, 176 young (360448K), 15 survivors (30720K)
 Metaspace       used 109307K, committed 111040K, reserved 557056K
  class space    used 15285K, committed 16064K, reserved 425984K
}
Event: 49.604 GC heap after
{Heap after GC invocations=59 (full 0):
 garbage-first heap   total 811008K, used 307925K [0x0000000700000000, 0x0000000800000000)
  region size 2048K, 14 young (28672K), 14 survivors (28672K)
 Metaspace       used 109307K, committed 111040K, reserved 557056K
  class space    used 15285K, committed 16064K, reserved 425984K
}
Event: 52.274 GC heap before
{Heap before GC invocations=59 (full 0):
 garbage-first heap   total 811008K, used 625365K [0x0000000700000000, 0x0000000800000000)
  region size 2048K, 170 young (348160K), 14 survivors (28672K)
 Metaspace       used 113279K, committed 115136K, reserved 557056K
  class space    used 15821K, committed 16640K, reserved 425984K
}
Event: 52.317 GC heap after
{Heap after GC invocations=60 (full 0):
 garbage-first heap   total 811008K, used 339087K [0x0000000700000000, 0x0000000800000000)
  region size 2048K, 17 young (34816K), 17 survivors (34816K)
 Metaspace       used 113279K, committed 115136K, reserved 557056K
  class space    used 15821K, committed 16640K, reserved 425984K
}
Event: 54.296 GC heap before
{Heap before GC invocations=60 (full 0):
 garbage-first heap   total 811008K, used 629903K [0x0000000700000000, 0x0000000800000000)
  region size 2048K, 160 young (327680K), 17 survivors (34816K)
 Metaspace       used 114359K, committed 116480K, reserved 557056K
  class space    used 15993K, committed 16896K, reserved 425984K
}
Event: 54.338 GC heap after
{Heap after GC invocations=61 (full 0):
 garbage-first heap   total 811008K, used 359981K [0x0000000700000000, 0x0000000800000000)
  region size 2048K, 12 young (24576K), 12 survivors (24576K)
 Metaspace       used 114359K, committed 116480K, reserved 557056K
  class space    used 15993K, committed 16896K, reserved 425984K
}
Event: 55.981 GC heap before
{Heap before GC invocations=61 (full 0):
 garbage-first heap   total 811008K, used 638509K [0x0000000700000000, 0x0000000800000000)
  region size 2048K, 149 young (305152K), 12 survivors (24576K)
 Metaspace       used 115015K, committed 117184K, reserved 557056K
  class space    used 16085K, committed 17024K, reserved 425984K
}
Event: 56.012 GC heap after
{Heap after GC invocations=62 (full 0):
 garbage-first heap   total 811008K, used 381103K [0x0000000700000000, 0x0000000800000000)
  region size 2048K, 12 young (24576K), 12 survivors (24576K)
 Metaspace       used 115015K, committed 117184K, reserved 557056K
  class space    used 16085K, committed 17024K, reserved 425984K
}
Event: 58.136 GC heap before
{Heap before GC invocations=62 (full 0):
 garbage-first heap   total 811008K, used 643247K [0x0000000700000000, 0x0000000800000000)
  region size 2048K, 141 young (288768K), 12 survivors (24576K)
 Metaspace       used 119894K, committed 122112K, reserved 557056K
  class space    used 16708K, committed 17664K, reserved 425984K
}
Event: 58.178 GC heap after
{Heap after GC invocations=63 (full 0):
 garbage-first heap   total 811008K, used 407064K [0x0000000700000000, 0x0000000800000000)
  region size 2048K, 14 young (28672K), 14 survivors (28672K)
 Metaspace       used 119894K, committed 122112K, reserved 557056K
  class space    used 16708K, committed 17664K, reserved 425984K
}
Event: 62.146 GC heap before
{Heap before GC invocations=63 (full 0):
 garbage-first heap   total 811008K, used 650776K [0x0000000700000000, 0x0000000800000000)
  region size 2048K, 133 young (272384K), 14 survivors (28672K)
 Metaspace       used 125147K, committed 127552K, reserved 557056K
  class space    used 17429K, committed 18496K, reserved 425984K
}
Event: 62.234 GC heap after
{Heap after GC invocations=64 (full 0):
 garbage-first heap   total 811008K, used 453755K [0x0000000700000000, 0x0000000800000000)
  region size 2048K, 17 young (34816K), 17 survivors (34816K)
 Metaspace       used 125147K, committed 127552K, reserved 557056K
  class space    used 17429K, committed 18496K, reserved 425984K
}
Event: 65.002 GC heap before
{Heap before GC invocations=64 (full 0):
 garbage-first heap   total 811008K, used 648315K [0x0000000700000000, 0x0000000800000000)
  region size 2048K, 112 young (229376K), 17 survivors (34816K)
 Metaspace       used 125833K, committed 128320K, reserved 557056K
  class space    used 17499K, committed 18560K, reserved 425984K
}
Event: 65.071 GC heap after
{Heap after GC invocations=65 (full 0):
 garbage-first heap   total 811008K, used 485705K [0x0000000700000000, 0x0000000800000000)
  region size 2048K, 14 young (28672K), 14 survivors (28672K)
 Metaspace       used 125833K, committed 128320K, reserved 557056K
  class space    used 17499K, committed 18560K, reserved 425984K
}
Event: 80.259 GC heap before
{Heap before GC invocations=65 (full 0):
 garbage-first heap   total 811008K, used 651592K [0x0000000700000000, 0x0000000800000000)
  region size 2048K, 96 young (196608K), 14 survivors (28672K)
 Metaspace       used 126694K, committed 129280K, reserved 557056K
  class space    used 17600K, committed 18688K, reserved 425984K
}
Event: 80.325 GC heap after
{Heap after GC invocations=66 (full 0):
 garbage-first heap   total 811008K, used 501283K [0x0000000700000000, 0x0000000800000000)
  region size 2048K, 8 young (16384K), 8 survivors (16384K)
 Metaspace       used 126694K, committed 129280K, reserved 557056K
  class space    used 17600K, committed 18688K, reserved 425984K
}
Event: 81.117 GC heap before
{Heap before GC invocations=66 (full 0):
 garbage-first heap   total 811008K, used 661027K [0x0000000700000000, 0x0000000800000000)
  region size 2048K, 87 young (178176K), 8 survivors (16384K)
 Metaspace       used 126696K, committed 129280K, reserved 557056K
  class space    used 17600K, committed 18688K, reserved 425984K
}
Event: 81.147 GC heap after
{Heap after GC invocations=67 (full 0):
 garbage-first heap   total 811008K, used 505269K [0x0000000700000000, 0x0000000800000000)
  region size 2048K, 4 young (8192K), 4 survivors (8192K)
 Metaspace       used 126696K, committed 129280K, reserved 557056K
  class space    used 17600K, committed 18688K, reserved 425984K
}
Event: 82.185 GC heap before
{Heap before GC invocations=67 (full 0):
 garbage-first heap   total 811008K, used 669109K [0x0000000700000000, 0x0000000800000000)
  region size 2048K, 85 young (174080K), 4 survivors (8192K)
 Metaspace       used 126706K, committed 129280K, reserved 557056K
  class space    used 17601K, committed 18688K, reserved 425984K
}
Event: 82.198 GC heap after
{Heap after GC invocations=68 (full 0):
 garbage-first heap   total 811008K, used 506910K [0x0000000700000000, 0x0000000800000000)
  region size 2048K, 5 young (10240K), 5 survivors (10240K)
 Metaspace       used 126706K, committed 129280K, reserved 557056K
  class space    used 17601K, committed 18688K, reserved 425984K
}

